[0.116s] DEBUG:colcon:Command line arguments: ['/usr/bin/colcon', 'build', '--packages-select', 'roscuda_vectoradd']
[0.116s] DEBUG:colcon:Parsed command line arguments: Namespace(log_base=None, log_level=None, verb_name='build', build_base='build', install_base='install', merge_install=False, symlink_install=False, test_result_base=None, continue_on_error=False, executor='parallel', parallel_workers=22, event_handlers=None, ignore_user_meta=False, metas=['./colcon.meta'], base_paths=['.'], packages_ignore=None, packages_ignore_regex=None, paths=None, packages_up_to=None, packages_up_to_regex=None, packages_above=None, packages_above_and_dependencies=None, packages_above_depth=None, packages_select_by_dep=None, packages_skip_by_dep=None, packages_skip_up_to=None, packages_select_build_failed=False, packages_skip_build_finished=False, packages_select_test_failures=False, packages_skip_test_passed=False, packages_select=['roscuda_vectoradd'], packages_skip=None, packages_select_regex=None, packages_skip_regex=None, packages_start=None, packages_end=None, allow_overriding=[], cmake_args=None, cmake_target=None, cmake_target_skip_unavailable=False, cmake_clean_cache=False, cmake_clean_first=False, cmake_force_configure=False, ament_cmake_args=None, catkin_cmake_args=None, catkin_skip_building_tests=False, mixin_files=None, mixin=None, verb_parser=<colcon_mixin.mixin.mixin_argument.MixinArgumentDecorator object at 0x7718ac688b60>, verb_extension=<colcon_core.verb.build.BuildVerb object at 0x7718ac6029c0>, main=<bound method BuildVerb.main of <colcon_core.verb.build.BuildVerb object at 0x7718ac6029c0>>, mixin_verb=('build',))
[0.155s] Level 1:colcon.colcon_core.package_discovery:discover_packages(colcon_meta) check parameters
[0.156s] Level 1:colcon.colcon_core.package_discovery:discover_packages(recursive) check parameters
[0.156s] Level 1:colcon.colcon_core.package_discovery:discover_packages(ignore) check parameters
[0.156s] Level 1:colcon.colcon_core.package_discovery:discover_packages(path) check parameters
[0.156s] Level 1:colcon.colcon_core.package_discovery:discover_packages(colcon_meta) discover
[0.156s] Level 1:colcon.colcon_core.package_discovery:discover_packages(recursive) discover
[0.156s] INFO:colcon.colcon_core.package_discovery:Crawling recursively for packages in '/home/debian/ros-cuda'
[0.156s] Level 1:colcon.colcon_core.package_identification:_identify(.) by extensions ['ignore', 'ignore_ament_install']
[0.156s] Level 1:colcon.colcon_core.package_identification:_identify(.) by extension 'ignore'
[0.156s] Level 1:colcon.colcon_core.package_identification:_identify(.) by extension 'ignore_ament_install'
[0.156s] Level 1:colcon.colcon_core.package_identification:_identify(.) by extensions ['colcon_pkg']
[0.156s] Level 1:colcon.colcon_core.package_identification:_identify(.) by extension 'colcon_pkg'
[0.156s] Level 1:colcon.colcon_core.package_identification:_identify(.) by extensions ['colcon_meta']
[0.156s] Level 1:colcon.colcon_core.package_identification:_identify(.) by extension 'colcon_meta'
[0.156s] Level 1:colcon.colcon_core.package_identification:_identify(.) by extensions ['ros']
[0.156s] Level 1:colcon.colcon_core.package_identification:_identify(.) by extension 'ros'
[0.183s] Level 1:colcon.colcon_core.package_identification:_identify(.) by extensions ['cmake', 'python']
[0.183s] Level 1:colcon.colcon_core.package_identification:_identify(.) by extension 'cmake'
[0.183s] Level 1:colcon.colcon_core.package_identification:_identify(.) by extension 'python'
[0.183s] Level 1:colcon.colcon_core.package_identification:_identify(.) by extensions ['python_setup_py']
[0.183s] Level 1:colcon.colcon_core.package_identification:_identify(.) by extension 'python_setup_py'
[0.183s] Level 1:colcon.colcon_core.package_identification:_identify(build) by extensions ['ignore', 'ignore_ament_install']
[0.183s] Level 1:colcon.colcon_core.package_identification:_identify(build) by extension 'ignore'
[0.184s] Level 1:colcon.colcon_core.package_identification:_identify(build) ignored
[0.184s] Level 1:colcon.colcon_core.package_identification:_identify(install) by extensions ['ignore', 'ignore_ament_install']
[0.184s] Level 1:colcon.colcon_core.package_identification:_identify(install) by extension 'ignore'
[0.184s] Level 1:colcon.colcon_core.package_identification:_identify(install) ignored
[0.184s] Level 1:colcon.colcon_core.package_identification:_identify(log) by extensions ['ignore', 'ignore_ament_install']
[0.184s] Level 1:colcon.colcon_core.package_identification:_identify(log) by extension 'ignore'
[0.184s] Level 1:colcon.colcon_core.package_identification:_identify(log) ignored
[0.184s] Level 1:colcon.colcon_core.package_identification:_identify(roscuda_vectoradd) by extensions ['ignore', 'ignore_ament_install']
[0.184s] Level 1:colcon.colcon_core.package_identification:_identify(roscuda_vectoradd) by extension 'ignore'
[0.184s] Level 1:colcon.colcon_core.package_identification:_identify(roscuda_vectoradd) by extension 'ignore_ament_install'
[0.184s] Level 1:colcon.colcon_core.package_identification:_identify(roscuda_vectoradd) by extensions ['colcon_pkg']
[0.184s] Level 1:colcon.colcon_core.package_identification:_identify(roscuda_vectoradd) by extension 'colcon_pkg'
[0.184s] Level 1:colcon.colcon_core.package_identification:_identify(roscuda_vectoradd) by extensions ['colcon_meta']
[0.184s] Level 1:colcon.colcon_core.package_identification:_identify(roscuda_vectoradd) by extension 'colcon_meta'
[0.184s] Level 1:colcon.colcon_core.package_identification:_identify(roscuda_vectoradd) by extensions ['ros']
[0.184s] Level 1:colcon.colcon_core.package_identification:_identify(roscuda_vectoradd) by extension 'ros'
[0.187s] DEBUG:colcon.colcon_core.package_identification:Package 'roscuda_vectoradd' with type 'ros.ament_cmake' and name 'roscuda_vectoradd'
[0.187s] Level 1:colcon.colcon_core.package_discovery:discover_packages(recursive) using defaults
[0.187s] Level 1:colcon.colcon_core.package_discovery:discover_packages(ignore) discover
[0.187s] Level 1:colcon.colcon_core.package_discovery:discover_packages(ignore) using defaults
[0.187s] Level 1:colcon.colcon_core.package_discovery:discover_packages(path) discover
[0.187s] Level 1:colcon.colcon_core.package_discovery:discover_packages(path) using defaults
[0.206s] Level 1:colcon.colcon_core.package_discovery:discover_packages(prefix_path) check parameters
[0.206s] Level 1:colcon.colcon_core.package_discovery:discover_packages(prefix_path) discover
[0.208s] DEBUG:colcon.colcon_installed_package_information.package_discovery:Found 1 installed packages in /home/debian/ros-cuda/install
[0.209s] DEBUG:colcon.colcon_installed_package_information.package_discovery:Found 285 installed packages in /opt/ros/jazzy
[0.210s] Level 1:colcon.colcon_core.package_discovery:discover_packages(prefix_path) using defaults
[0.247s] Level 5:colcon.colcon_core.verb:set package 'roscuda_vectoradd' build argument 'cmake_args' from command line to 'None'
[0.248s] Level 5:colcon.colcon_core.verb:set package 'roscuda_vectoradd' build argument 'cmake_target' from command line to 'None'
[0.248s] Level 5:colcon.colcon_core.verb:set package 'roscuda_vectoradd' build argument 'cmake_target_skip_unavailable' from command line to 'False'
[0.248s] Level 5:colcon.colcon_core.verb:set package 'roscuda_vectoradd' build argument 'cmake_clean_cache' from command line to 'False'
[0.248s] Level 5:colcon.colcon_core.verb:set package 'roscuda_vectoradd' build argument 'cmake_clean_first' from command line to 'False'
[0.248s] Level 5:colcon.colcon_core.verb:set package 'roscuda_vectoradd' build argument 'cmake_force_configure' from command line to 'False'
[0.248s] Level 5:colcon.colcon_core.verb:set package 'roscuda_vectoradd' build argument 'ament_cmake_args' from command line to 'None'
[0.248s] Level 5:colcon.colcon_core.verb:set package 'roscuda_vectoradd' build argument 'catkin_cmake_args' from command line to 'None'
[0.248s] Level 5:colcon.colcon_core.verb:set package 'roscuda_vectoradd' build argument 'catkin_skip_building_tests' from command line to 'False'
[0.248s] DEBUG:colcon.colcon_core.verb:Building package 'roscuda_vectoradd' with the following arguments: {'ament_cmake_args': None, 'build_base': '/home/debian/ros-cuda/build/roscuda_vectoradd', 'catkin_cmake_args': None, 'catkin_skip_building_tests': False, 'cmake_args': None, 'cmake_clean_cache': False, 'cmake_clean_first': False, 'cmake_force_configure': False, 'cmake_target': None, 'cmake_target_skip_unavailable': False, 'install_base': '/home/debian/ros-cuda/install/roscuda_vectoradd', 'merge_install': False, 'path': '/home/debian/ros-cuda/roscuda_vectoradd', 'symlink_install': False, 'test_result_base': None}
[0.248s] INFO:colcon.colcon_core.executor:Executing jobs using 'parallel' executor
[0.249s] DEBUG:colcon.colcon_parallel_executor.executor.parallel:run_until_complete
[0.250s] INFO:colcon.colcon_ros.task.ament_cmake.build:Building ROS package in '/home/debian/ros-cuda/roscuda_vectoradd' with build type 'ament_cmake'
[0.250s] INFO:colcon.colcon_cmake.task.cmake.build:Building CMake package in '/home/debian/ros-cuda/roscuda_vectoradd'
[0.252s] INFO:colcon.colcon_core.plugin_system:Skipping extension 'colcon_core.shell.bat': Not used on non-Windows systems
[0.252s] INFO:colcon.colcon_core.shell:Skip shell extension 'powershell' for command environment: Not usable outside of PowerShell
[0.252s] DEBUG:colcon.colcon_core.shell:Skip shell extension 'dsv' for command environment
[0.264s] DEBUG:colcon.colcon_core.event_handler.log_command:Invoking command in '/home/debian/ros-cuda/build/roscuda_vectoradd': CMAKE_PREFIX_PATH=${CMAKE_PREFIX_PATH}:/opt/ros/jazzy CONDA_PROMPT_MODIFIER=(base) DEBUGINFOD_URLS=https://debuginfod.ubuntu.com /usr/bin/cmake --build /home/debian/ros-cuda/build/roscuda_vectoradd
[1.324s] DEBUG:colcon.colcon_core.event_handler.log_command:Invoked command in '/home/debian/ros-cuda/build/roscuda_vectoradd' returned '0': CMAKE_PREFIX_PATH=${CMAKE_PREFIX_PATH}:/opt/ros/jazzy CONDA_PROMPT_MODIFIER=(base) DEBUGINFOD_URLS=https://debuginfod.ubuntu.com /usr/bin/cmake --build /home/debian/ros-cuda/build/roscuda_vectoradd
[1.341s] DEBUG:colcon.colcon_core.event_handler.log_command:Invoking command in '/home/debian/ros-cuda/build/roscuda_vectoradd': CMAKE_PREFIX_PATH=${CMAKE_PREFIX_PATH}:/opt/ros/jazzy CONDA_PROMPT_MODIFIER=(base) DEBUGINFOD_URLS=https://debuginfod.ubuntu.com /usr/bin/cmake --install /home/debian/ros-cuda/build/roscuda_vectoradd
[1.358s] Level 1:colcon.colcon_core.environment:create_environment_scripts_only(roscuda_vectoradd)
[1.359s] DEBUG:colcon.colcon_core.event_handler.log_command:Invoked command in '/home/debian/ros-cuda/build/roscuda_vectoradd' returned '0': CMAKE_PREFIX_PATH=${CMAKE_PREFIX_PATH}:/opt/ros/jazzy CONDA_PROMPT_MODIFIER=(base) DEBUGINFOD_URLS=https://debuginfod.ubuntu.com /usr/bin/cmake --install /home/debian/ros-cuda/build/roscuda_vectoradd
[1.362s] Level 1:colcon.colcon_core.environment:checking '/home/debian/ros-cuda/install/roscuda_vectoradd' for CMake module files
[1.362s] Level 1:colcon.colcon_core.environment:checking '/home/debian/ros-cuda/install/roscuda_vectoradd' for CMake config files
[1.362s] Level 1:colcon.colcon_core.shell:create_environment_hook('roscuda_vectoradd', 'cmake_prefix_path')
[1.363s] INFO:colcon.colcon_core.shell:Creating environment hook '/home/debian/ros-cuda/install/roscuda_vectoradd/share/roscuda_vectoradd/hook/cmake_prefix_path.ps1'
[1.364s] INFO:colcon.colcon_core.shell:Creating environment descriptor '/home/debian/ros-cuda/install/roscuda_vectoradd/share/roscuda_vectoradd/hook/cmake_prefix_path.dsv'
[1.364s] INFO:colcon.colcon_core.shell:Creating environment hook '/home/debian/ros-cuda/install/roscuda_vectoradd/share/roscuda_vectoradd/hook/cmake_prefix_path.sh'
[1.365s] Level 1:colcon.colcon_core.environment:checking '/home/debian/ros-cuda/install/roscuda_vectoradd/lib'
[1.365s] Level 1:colcon.colcon_core.environment:checking '/home/debian/ros-cuda/install/roscuda_vectoradd/bin'
[1.366s] Level 1:colcon.colcon_core.environment:checking '/home/debian/ros-cuda/install/roscuda_vectoradd/lib/pkgconfig/roscuda_vectoradd.pc'
[1.366s] Level 1:colcon.colcon_core.environment:checking '/home/debian/ros-cuda/install/roscuda_vectoradd/lib/python3.12/site-packages'
[1.366s] Level 1:colcon.colcon_core.environment:checking '/home/debian/ros-cuda/install/roscuda_vectoradd/bin'
[1.367s] INFO:colcon.colcon_core.shell:Creating package script '/home/debian/ros-cuda/install/roscuda_vectoradd/share/roscuda_vectoradd/package.ps1'
[1.367s] INFO:colcon.colcon_core.shell:Creating package descriptor '/home/debian/ros-cuda/install/roscuda_vectoradd/share/roscuda_vectoradd/package.dsv'
[1.368s] INFO:colcon.colcon_core.shell:Creating package script '/home/debian/ros-cuda/install/roscuda_vectoradd/share/roscuda_vectoradd/package.sh'
[1.369s] INFO:colcon.colcon_core.shell:Creating package script '/home/debian/ros-cuda/install/roscuda_vectoradd/share/roscuda_vectoradd/package.bash'
[1.370s] INFO:colcon.colcon_core.shell:Creating package script '/home/debian/ros-cuda/install/roscuda_vectoradd/share/roscuda_vectoradd/package.zsh'
[1.370s] Level 1:colcon.colcon_core.environment:create_file_with_runtime_dependencies(/home/debian/ros-cuda/install/roscuda_vectoradd/share/colcon-core/packages/roscuda_vectoradd)
[1.371s] Level 1:colcon.colcon_core.environment:create_environment_scripts_only(roscuda_vectoradd)
[1.371s] Level 1:colcon.colcon_core.environment:checking '/home/debian/ros-cuda/install/roscuda_vectoradd' for CMake module files
[1.372s] Level 1:colcon.colcon_core.environment:checking '/home/debian/ros-cuda/install/roscuda_vectoradd' for CMake config files
[1.372s] Level 1:colcon.colcon_core.shell:create_environment_hook('roscuda_vectoradd', 'cmake_prefix_path')
[1.372s] INFO:colcon.colcon_core.shell:Creating environment hook '/home/debian/ros-cuda/install/roscuda_vectoradd/share/roscuda_vectoradd/hook/cmake_prefix_path.ps1'
[1.372s] INFO:colcon.colcon_core.shell:Creating environment descriptor '/home/debian/ros-cuda/install/roscuda_vectoradd/share/roscuda_vectoradd/hook/cmake_prefix_path.dsv'
[1.373s] INFO:colcon.colcon_core.shell:Creating environment hook '/home/debian/ros-cuda/install/roscuda_vectoradd/share/roscuda_vectoradd/hook/cmake_prefix_path.sh'
[1.373s] Level 1:colcon.colcon_core.environment:checking '/home/debian/ros-cuda/install/roscuda_vectoradd/lib'
[1.374s] Level 1:colcon.colcon_core.environment:checking '/home/debian/ros-cuda/install/roscuda_vectoradd/bin'
[1.374s] Level 1:colcon.colcon_core.environment:checking '/home/debian/ros-cuda/install/roscuda_vectoradd/lib/pkgconfig/roscuda_vectoradd.pc'
[1.374s] Level 1:colcon.colcon_core.environment:checking '/home/debian/ros-cuda/install/roscuda_vectoradd/lib/python3.12/site-packages'
[1.374s] Level 1:colcon.colcon_core.environment:checking '/home/debian/ros-cuda/install/roscuda_vectoradd/bin'
[1.374s] INFO:colcon.colcon_core.shell:Creating package script '/home/debian/ros-cuda/install/roscuda_vectoradd/share/roscuda_vectoradd/package.ps1'
[1.375s] INFO:colcon.colcon_core.shell:Creating package descriptor '/home/debian/ros-cuda/install/roscuda_vectoradd/share/roscuda_vectoradd/package.dsv'
[1.375s] INFO:colcon.colcon_core.shell:Creating package script '/home/debian/ros-cuda/install/roscuda_vectoradd/share/roscuda_vectoradd/package.sh'
[1.376s] INFO:colcon.colcon_core.shell:Creating package script '/home/debian/ros-cuda/install/roscuda_vectoradd/share/roscuda_vectoradd/package.bash'
[1.377s] INFO:colcon.colcon_core.shell:Creating package script '/home/debian/ros-cuda/install/roscuda_vectoradd/share/roscuda_vectoradd/package.zsh'
[1.377s] Level 1:colcon.colcon_core.environment:create_file_with_runtime_dependencies(/home/debian/ros-cuda/install/roscuda_vectoradd/share/colcon-core/packages/roscuda_vectoradd)
[1.377s] DEBUG:colcon.colcon_parallel_executor.executor.parallel:closing loop
[1.378s] DEBUG:colcon.colcon_parallel_executor.executor.parallel:loop closed
[1.378s] DEBUG:colcon.colcon_parallel_executor.executor.parallel:run_until_complete finished with '0'
[1.378s] DEBUG:colcon.colcon_core.event_reactor:joining thread
[1.385s] INFO:colcon.colcon_core.plugin_system:Skipping extension 'colcon_notification.desktop_notification.terminal_notifier': Not used on non-Darwin systems
[1.385s] INFO:colcon.colcon_core.plugin_system:Skipping extension 'colcon_notification.desktop_notification.win32': Not used on non-Windows systems
[1.385s] INFO:colcon.colcon_notification.desktop_notification:Sending desktop notification using 'notify2'
[1.403s] DEBUG:colcon.colcon_core.event_reactor:joined thread
[1.403s] INFO:colcon.colcon_core.shell:Creating prefix script '/home/debian/ros-cuda/install/local_setup.ps1'
[1.405s] INFO:colcon.colcon_core.shell:Creating prefix util module '/home/debian/ros-cuda/install/_local_setup_util_ps1.py'
[1.406s] INFO:colcon.colcon_core.shell:Creating prefix chain script '/home/debian/ros-cuda/install/setup.ps1'
[1.407s] INFO:colcon.colcon_core.shell:Creating prefix script '/home/debian/ros-cuda/install/local_setup.sh'
[1.408s] INFO:colcon.colcon_core.shell:Creating prefix util module '/home/debian/ros-cuda/install/_local_setup_util_sh.py'
[1.408s] INFO:colcon.colcon_core.shell:Creating prefix chain script '/home/debian/ros-cuda/install/setup.sh'
[1.409s] INFO:colcon.colcon_core.shell:Creating prefix script '/home/debian/ros-cuda/install/local_setup.bash'
[1.410s] INFO:colcon.colcon_core.shell:Creating prefix chain script '/home/debian/ros-cuda/install/setup.bash'
[1.411s] INFO:colcon.colcon_core.shell:Creating prefix script '/home/debian/ros-cuda/install/local_setup.zsh'
[1.411s] INFO:colcon.colcon_core.shell:Creating prefix chain script '/home/debian/ros-cuda/install/setup.zsh'
