[0.013s] Invoking command in '/home/debian/ros-cuda/build/roscuda_vectoradd': CMAKE_PREFIX_PATH=${CMAKE_PREFIX_PATH}:/opt/ros/jazzy CONDA_PROMPT_MODIFIER=(base) DEBUGINFOD_URLS=https://debuginfod.ubuntu.com /usr/bin/cmake --build /home/debian/ros-cuda/build/roscuda_vectoradd
[0.050s] [33mCMake Warning (dev) at CMakeLists.txt:5 (find_package):
[0.050s]   Policy CMP0146 is not set: The FindCUDA module is removed.  Run "cmake
[0.050s]   --help-policy CMP0146" for policy details.  Use the cmake_policy command to
[0.050s]   set the policy and suppress this warning.
[0.051s] 
[0.051s] This warning is for project developers.  Use -Wno-dev to suppress it.
[0.051s] [0m
[0.057s] -- Found ament_cmake: 2.5.3 (/opt/ros/jazzy/share/ament_cmake/cmake)
[0.282s] -- Found rclcpp: 28.1.6 (/opt/ros/jazzy/share/rclcpp/cmake)
[0.312s] -- Found rosidl_generator_c: 4.6.5 (/opt/ros/jazzy/share/rosidl_generator_c/cmake)
[0.322s] -- Found rosidl_generator_cpp: 4.6.5 (/opt/ros/jazzy/share/rosidl_generator_cpp/cmake)
[0.334s] -- Using all available rosidl_typesupport_c: rosidl_typesupport_fastrtps_c;rosidl_typesupport_introspection_c
[0.348s] -- Using all available rosidl_typesupport_cpp: rosidl_typesupport_fastrtps_cpp;rosidl_typesupport_introspection_cpp
[0.416s] -- Found rmw_implementation_cmake: 7.3.1 (/opt/ros/jazzy/share/rmw_implementation_cmake/cmake)
[0.417s] -- Found rmw_fastrtps_cpp: 8.4.1 (/opt/ros/jazzy/share/rmw_fastrtps_cpp/cmake)
[0.501s] -- Using RMW implementation 'rmw_fastrtps_cpp' as default
[0.675s] -- Configuring done (0.6s)
[0.687s] -- Generating done (0.0s)
[0.691s] -- Build files have been written to: /home/debian/ros-cuda/build/roscuda_vectoradd
[0.745s] [ 50%] Built target vectoradd_cuda
[0.784s] [100%] Built target vectoradd_node
[0.799s] Invoked command in '/home/debian/ros-cuda/build/roscuda_vectoradd' returned '0': CMAKE_PREFIX_PATH=${CMAKE_PREFIX_PATH}:/opt/ros/jazzy CONDA_PROMPT_MODIFIER=(base) DEBUGINFOD_URLS=https://debuginfod.ubuntu.com /usr/bin/cmake --build /home/debian/ros-cuda/build/roscuda_vectoradd
[0.814s] Invoking command in '/home/debian/ros-cuda/build/roscuda_vectoradd': CMAKE_PREFIX_PATH=${CMAKE_PREFIX_PATH}:/opt/ros/jazzy CONDA_PROMPT_MODIFIER=(base) DEBUGINFOD_URLS=https://debuginfod.ubuntu.com /usr/bin/cmake --install /home/debian/ros-cuda/build/roscuda_vectoradd
[0.824s] -- Install configuration: ""
[0.825s] -- Up-to-date: /home/debian/ros-cuda/install/roscuda_vectoradd/lib/roscuda_vectoradd/vectoradd_node
[0.825s] -- Installing: /home/debian/ros-cuda/install/roscuda_vectoradd/lib/roscuda_vectoradd/libvectoradd_cuda.so
[0.826s] -- Up-to-date: /home/debian/ros-cuda/install/roscuda_vectoradd/share/ament_index/resource_index/package_run_dependencies/roscuda_vectoradd
[0.826s] -- Installing: /home/debian/ros-cuda/install/roscuda_vectoradd/share/ament_index/resource_index/parent_prefix_path/roscuda_vectoradd
[0.826s] -- Up-to-date: /home/debian/ros-cuda/install/roscuda_vectoradd/share/roscuda_vectoradd/environment/ament_prefix_path.sh
[0.827s] -- Up-to-date: /home/debian/ros-cuda/install/roscuda_vectoradd/share/roscuda_vectoradd/environment/ament_prefix_path.dsv
[0.827s] -- Up-to-date: /home/debian/ros-cuda/install/roscuda_vectoradd/share/roscuda_vectoradd/environment/path.sh
[0.827s] -- Up-to-date: /home/debian/ros-cuda/install/roscuda_vectoradd/share/roscuda_vectoradd/environment/path.dsv
[0.827s] -- Up-to-date: /home/debian/ros-cuda/install/roscuda_vectoradd/share/roscuda_vectoradd/local_setup.bash
[0.827s] -- Up-to-date: /home/debian/ros-cuda/install/roscuda_vectoradd/share/roscuda_vectoradd/local_setup.sh
[0.827s] -- Up-to-date: /home/debian/ros-cuda/install/roscuda_vectoradd/share/roscuda_vectoradd/local_setup.zsh
[0.827s] -- Up-to-date: /home/debian/ros-cuda/install/roscuda_vectoradd/share/roscuda_vectoradd/local_setup.dsv
[0.827s] -- Installing: /home/debian/ros-cuda/install/roscuda_vectoradd/share/roscuda_vectoradd/package.dsv
[0.828s] -- Up-to-date: /home/debian/ros-cuda/install/roscuda_vectoradd/share/ament_index/resource_index/packages/roscuda_vectoradd
[0.828s] -- Up-to-date: /home/debian/ros-cuda/install/roscuda_vectoradd/share/roscuda_vectoradd/cmake/roscuda_vectoraddConfig.cmake
[0.829s] -- Up-to-date: /home/debian/ros-cuda/install/roscuda_vectoradd/share/roscuda_vectoradd/cmake/roscuda_vectoraddConfig-version.cmake
[0.829s] -- Up-to-date: /home/debian/ros-cuda/install/roscuda_vectoradd/share/roscuda_vectoradd/package.xml
[0.829s] Invoked command in '/home/debian/ros-cuda/build/roscuda_vectoradd' returned '0': CMAKE_PREFIX_PATH=${CMAKE_PREFIX_PATH}:/opt/ros/jazzy CONDA_PROMPT_MODIFIER=(base) DEBUGINFOD_URLS=https://debuginfod.ubuntu.com /usr/bin/cmake --install /home/debian/ros-cuda/build/roscuda_vectoradd
