[0.014s] Invoking command in '/home/debian/ros-cuda/build/roscuda_vectoradd': CMAKE_PREFIX_PATH=${CMAKE_PREFIX_PATH}:/opt/ros/jazzy CONDA_PROMPT_MODIFIER=(base) DEBUGINFOD_URLS=https://debuginfod.ubuntu.com /usr/bin/cmake --build /home/debian/ros-cuda/build/roscuda_vectoradd
[0.051s] [33mCMake Warning (dev) at CMakeLists.txt:5 (find_package):
[0.052s]   Policy CMP0146 is not set: The FindCUDA module is removed.  Run "cmake
[0.052s]   --help-policy CMP0146" for policy details.  Use the cmake_policy command to
[0.052s]   set the policy and suppress this warning.
[0.052s] 
[0.052s] This warning is for project developers.  Use -Wno-dev to suppress it.
[0.052s] [0m
[0.059s] -- Found ament_cmake: 2.5.3 (/opt/ros/jazzy/share/ament_cmake/cmake)
[0.307s] -- Found rclcpp: 28.1.6 (/opt/ros/jazzy/share/rclcpp/cmake)
[0.338s] -- Found rosidl_generator_c: 4.6.5 (/opt/ros/jazzy/share/rosidl_generator_c/cmake)
[0.347s] -- Found rosidl_generator_cpp: 4.6.5 (/opt/ros/jazzy/share/rosidl_generator_cpp/cmake)
[0.360s] -- Using all available rosidl_typesupport_c: rosidl_typesupport_fastrtps_c;rosidl_typesupport_introspection_c
[0.374s] -- Using all available rosidl_typesupport_cpp: rosidl_typesupport_fastrtps_cpp;rosidl_typesupport_introspection_cpp
[0.443s] -- Found rmw_implementation_cmake: 7.3.1 (/opt/ros/jazzy/share/rmw_implementation_cmake/cmake)
[0.444s] -- Found rmw_fastrtps_cpp: 8.4.1 (/opt/ros/jazzy/share/rmw_fastrtps_cpp/cmake)
[0.533s] -- Using RMW implementation 'rmw_fastrtps_cpp' as default
[0.717s] -- Configuring done (0.7s)
[0.729s] -- Generating done (0.0s)
[0.733s] -- Build files have been written to: /home/debian/ros-cuda/build/roscuda_vectoradd
[0.786s] [ 25%] [32m[1mLinking CXX shared library libvectoradd_cuda.so[0m
[0.884s] [ 50%] Built target vectoradd_cuda
[0.928s] [ 75%] [32m[1mLinking CXX executable vectoradd_node[0m
[1.059s] [100%] Built target vectoradd_node
[1.074s] Invoked command in '/home/debian/ros-cuda/build/roscuda_vectoradd' returned '0': CMAKE_PREFIX_PATH=${CMAKE_PREFIX_PATH}:/opt/ros/jazzy CONDA_PROMPT_MODIFIER=(base) DEBUGINFOD_URLS=https://debuginfod.ubuntu.com /usr/bin/cmake --build /home/debian/ros-cuda/build/roscuda_vectoradd
[1.091s] Invoking command in '/home/debian/ros-cuda/build/roscuda_vectoradd': CMAKE_PREFIX_PATH=${CMAKE_PREFIX_PATH}:/opt/ros/jazzy CONDA_PROMPT_MODIFIER=(base) DEBUGINFOD_URLS=https://debuginfod.ubuntu.com /usr/bin/cmake --install /home/debian/ros-cuda/build/roscuda_vectoradd
[1.103s] -- Install configuration: ""
[1.103s] -- Installing: /home/debian/ros-cuda/install/roscuda_vectoradd/lib/roscuda_vectoradd/vectoradd_node
[1.104s] -- Set non-toolchain portion of runtime path of "/home/debian/ros-cuda/install/roscuda_vectoradd/lib/roscuda_vectoradd/vectoradd_node" to "lib/roscuda_vectoradd"
[1.105s] -- Installing: /home/debian/ros-cuda/install/roscuda_vectoradd/lib/roscuda_vectoradd/libvectoradd_cuda.so
[1.106s] -- Set non-toolchain portion of runtime path of "/home/debian/ros-cuda/install/roscuda_vectoradd/lib/roscuda_vectoradd/libvectoradd_cuda.so" to "lib/roscuda_vectoradd"
[1.106s] -- Up-to-date: /home/debian/ros-cuda/install/roscuda_vectoradd/share/ament_index/resource_index/package_run_dependencies/roscuda_vectoradd
[1.106s] -- Up-to-date: /home/debian/ros-cuda/install/roscuda_vectoradd/share/ament_index/resource_index/parent_prefix_path/roscuda_vectoradd
[1.106s] -- Up-to-date: /home/debian/ros-cuda/install/roscuda_vectoradd/share/roscuda_vectoradd/environment/ament_prefix_path.sh
[1.107s] -- Up-to-date: /home/debian/ros-cuda/install/roscuda_vectoradd/share/roscuda_vectoradd/environment/ament_prefix_path.dsv
[1.107s] -- Up-to-date: /home/debian/ros-cuda/install/roscuda_vectoradd/share/roscuda_vectoradd/environment/path.sh
[1.107s] -- Up-to-date: /home/debian/ros-cuda/install/roscuda_vectoradd/share/roscuda_vectoradd/environment/path.dsv
[1.107s] -- Up-to-date: /home/debian/ros-cuda/install/roscuda_vectoradd/share/roscuda_vectoradd/local_setup.bash
[1.107s] -- Up-to-date: /home/debian/ros-cuda/install/roscuda_vectoradd/share/roscuda_vectoradd/local_setup.sh
[1.107s] -- Up-to-date: /home/debian/ros-cuda/install/roscuda_vectoradd/share/roscuda_vectoradd/local_setup.zsh
[1.107s] -- Up-to-date: /home/debian/ros-cuda/install/roscuda_vectoradd/share/roscuda_vectoradd/local_setup.dsv
[1.107s] -- Installing: /home/debian/ros-cuda/install/roscuda_vectoradd/share/roscuda_vectoradd/package.dsv
[1.107s] -- Up-to-date: /home/debian/ros-cuda/install/roscuda_vectoradd/share/ament_index/resource_index/packages/roscuda_vectoradd
[1.107s] -- Up-to-date: /home/debian/ros-cuda/install/roscuda_vectoradd/share/roscuda_vectoradd/cmake/roscuda_vectoraddConfig.cmake
[1.107s] -- Up-to-date: /home/debian/ros-cuda/install/roscuda_vectoradd/share/roscuda_vectoradd/cmake/roscuda_vectoraddConfig-version.cmake
[1.107s] -- Up-to-date: /home/debian/ros-cuda/install/roscuda_vectoradd/share/roscuda_vectoradd/package.xml
[1.109s] Invoked command in '/home/debian/ros-cuda/build/roscuda_vectoradd' returned '0': CMAKE_PREFIX_PATH=${CMAKE_PREFIX_PATH}:/opt/ros/jazzy CONDA_PROMPT_MODIFIER=(base) DEBUGINFOD_URLS=https://debuginfod.ubuntu.com /usr/bin/cmake --install /home/debian/ros-cuda/build/roscuda_vectoradd
