[0.013s] Invoking command in '/home/debian/ros-cuda/build/cuADD': CONDA_PROMPT_MODIFIER=(base) DEBUGINFOD_URLS=https://debuginfod.ubuntu.com /usr/bin/cmake /home/debian/ros-cuda/cuADD -DCMAKE_INSTALL_PREFIX=/home/debian/ros-cuda/install/cuADD
[0.119s] -- The C compiler identification is GNU 12.3.0
[0.233s] -- The CXX compiler identification is GNU 13.3.0
[0.259s] -- Detecting C compiler ABI info
[0.386s] -- Detecting C compiler ABI info - done
[0.401s] -- Check for working C compiler: /usr/bin/cc - skipped
[0.402s] -- Detecting C compile features
[0.403s] -- Detecting C compile features - done
[0.419s] -- Detecting CXX compiler ABI info
[0.560s] -- Detecting CXX compiler ABI info - done
[0.573s] -- Check for working CXX compiler: /usr/bin/c++ - skipped
[0.573s] -- Detecting CXX compile features
[0.574s] -- Detecting CXX compile features - done
[0.590s] [31mCMake Error at CMakeLists.txt:9 (find_package):
[0.590s]   By not providing "Findament_cmake.cmake" in CMAKE_MODULE_PATH this project
[0.590s]   has asked CMake to find a package configuration file provided by
[0.590s]   "ament_cmake", but CMake did not find one.
[0.590s] 
[0.590s]   Could not find a package configuration file provided by "ament_cmake" with
[0.590s]   any of the following names:
[0.590s] 
[0.590s]     ament_cmakeConfig.cmake
[0.591s]     ament_cmake-config.cmake
[0.591s] 
[0.591s]   Add the installation prefix of "ament_cmake" to CMAKE_PREFIX_PATH or set
[0.591s]   "ament_cmake_DIR" to a directory containing one of the above files.  If
[0.591s]   "ament_cmake" provides a separate development package or SDK, be sure it
[0.591s]   has been installed.
[0.591s] 
[0.591s] [0m
[0.591s] -- Configuring incomplete, errors occurred!
[0.596s] Invoked command in '/home/debian/ros-cuda/build/cuADD' returned '1': CONDA_PROMPT_MODIFIER=(base) DEBUGINFOD_URLS=https://debuginfod.ubuntu.com /usr/bin/cmake /home/debian/ros-cuda/cuADD -DCMAKE_INSTALL_PREFIX=/home/debian/ros-cuda/install/cuADD
