[0.011s] Invoking command in '/home/debian/ros-cuda/build/cuADD': CONDA_PROMPT_MODIFIER=(base) DEBUGINFOD_URLS=https://debuginfod.ubuntu.com /usr/bin/cmake /home/debian/ros-cuda/cuADD -DCMAKE_INSTALL_PREFIX=/home/debian/ros-cuda/install/cuADD
[0.031s] -- Found ament_cmake: 2.5.3 (/opt/ros/jazzy/share/ament_cmake/cmake)
[0.248s] [31mCMake Error at /opt/ros/jazzy/share/ament_cmake_core/cmake/ament_cmake_uninstall_target-extras.cmake:40 (add_custom_target):
[0.248s]   add_custom_target called with invalid target name "cuADD/_uninstall".
[0.248s]   Target names may not contain a slash.  Use ADD_CUSTOM_COMMAND to generate
[0.248s]   files.
[0.249s] Call Stack (most recent call first):
[0.249s]   /opt/ros/jazzy/share/ament_cmake_core/cmake/ament_cmake_coreConfig.cmake:41 (include)
[0.249s]   /opt/ros/jazzy/share/ament_cmake/cmake/ament_cmake_export_dependencies-extras.cmake:15 (find_package)
[0.249s]   /opt/ros/jazzy/share/ament_cmake/cmake/ament_cmakeConfig.cmake:41 (include)
[0.249s]   CMakeLists.txt:9 (find_package)
[0.249s] 
[0.249s] [0m
[0.254s] -- Found rclcpp: 28.1.6 (/opt/ros/jazzy/share/rclcpp/cmake)
[0.285s] -- Found rosidl_generator_c: 4.6.5 (/opt/ros/jazzy/share/rosidl_generator_c/cmake)
[0.294s] -- Found rosidl_generator_cpp: 4.6.5 (/opt/ros/jazzy/share/rosidl_generator_cpp/cmake)
[0.306s] -- Using all available rosidl_typesupport_c: rosidl_typesupport_fastrtps_c;rosidl_typesupport_introspection_c
[0.321s] -- Using all available rosidl_typesupport_cpp: rosidl_typesupport_fastrtps_cpp;rosidl_typesupport_introspection_cpp
[0.388s] -- Found rmw_implementation_cmake: 7.3.1 (/opt/ros/jazzy/share/rmw_implementation_cmake/cmake)
[0.390s] -- Found rmw_fastrtps_cpp: 8.4.1 (/opt/ros/jazzy/share/rmw_fastrtps_cpp/cmake)
[0.486s] -- Using RMW implementation 'rmw_fastrtps_cpp' as default
[0.559s] [31mCMake Error at CMakeLists.txt:14 (cuda_add_library):
[0.559s]   Unknown CMake command "cuda_add_library".
[0.559s] 
[0.560s] [0m
[0.560s] -- Configuring incomplete, errors occurred!
[0.568s] Invoked command in '/home/debian/ros-cuda/build/cuADD' returned '1': CONDA_PROMPT_MODIFIER=(base) DEBUGINFOD_URLS=https://debuginfod.ubuntu.com /usr/bin/cmake /home/debian/ros-cuda/cuADD -DCMAKE_INSTALL_PREFIX=/home/debian/ros-cuda/install/cuADD
