[0.015s] Invoking command in '/home/debian/ros-cuda/build/roscuda_vectoradd': CMAKE_PREFIX_PATH=${CMAKE_PREFIX_PATH}:/opt/ros/jazzy CONDA_PROMPT_MODIFIER=(base) DEBUGINFOD_URLS=https://debuginfod.ubuntu.com /usr/bin/cmake --build /home/debian/ros-cuda/build/roscuda_vectoradd
[0.084s] [ 50%] Built target vectoradd_cuda
[0.122s] [100%] Built target vectoradd_node
[0.137s] Invoked command in '/home/debian/ros-cuda/build/roscuda_vectoradd' returned '0': CMAKE_PREFIX_PATH=${CMAKE_PREFIX_PATH}:/opt/ros/jazzy CONDA_PROMPT_MODIFIER=(base) DEBUGINFOD_URLS=https://debuginfod.ubuntu.com /usr/bin/cmake --build /home/debian/ros-cuda/build/roscuda_vectoradd
[0.149s] Invoking command in '/home/debian/ros-cuda/build/roscuda_vectoradd': CMAKE_PREFIX_PATH=${CMAKE_PREFIX_PATH}:/opt/ros/jazzy CONDA_PROMPT_MODIFIER=(base) DEBUGINFOD_URLS=https://debuginfod.ubuntu.com /usr/bin/cmake --install /home/debian/ros-cuda/build/roscuda_vectoradd
[0.159s] -- Install configuration: ""
[0.159s] -- Up-to-date: /home/debian/ros-cuda/install/roscuda_vectoradd/lib/roscuda_vectoradd/vectoradd_node
[0.159s] -- Up-to-date: /home/debian/ros-cuda/install/roscuda_vectoradd/lib/roscuda_vectoradd/libvectoradd_cuda.so
[0.159s] -- Up-to-date: /home/debian/ros-cuda/install/roscuda_vectoradd/share/ament_index/resource_index/package_run_dependencies/roscuda_vectoradd
[0.159s] -- Up-to-date: /home/debian/ros-cuda/install/roscuda_vectoradd/share/ament_index/resource_index/parent_prefix_path/roscuda_vectoradd
[0.159s] -- Up-to-date: /home/debian/ros-cuda/install/roscuda_vectoradd/share/roscuda_vectoradd/environment/ament_prefix_path.sh
[0.160s] -- Up-to-date: /home/debian/ros-cuda/install/roscuda_vectoradd/share/roscuda_vectoradd/environment/ament_prefix_path.dsv
[0.160s] -- Up-to-date: /home/debian/ros-cuda/install/roscuda_vectoradd/share/roscuda_vectoradd/environment/path.sh
[0.160s] -- Up-to-date: /home/debian/ros-cuda/install/roscuda_vectoradd/share/roscuda_vectoradd/environment/path.dsv
[0.160s] -- Up-to-date: /home/debian/ros-cuda/install/roscuda_vectoradd/share/roscuda_vectoradd/local_setup.bash
[0.160s] -- Up-to-date: /home/debian/ros-cuda/install/roscuda_vectoradd/share/roscuda_vectoradd/local_setup.sh
[0.160s] -- Up-to-date: /home/debian/ros-cuda/install/roscuda_vectoradd/share/roscuda_vectoradd/local_setup.zsh
[0.160s] -- Up-to-date: /home/debian/ros-cuda/install/roscuda_vectoradd/share/roscuda_vectoradd/local_setup.dsv
[0.160s] -- Installing: /home/debian/ros-cuda/install/roscuda_vectoradd/share/roscuda_vectoradd/package.dsv
[0.160s] -- Up-to-date: /home/debian/ros-cuda/install/roscuda_vectoradd/share/ament_index/resource_index/packages/roscuda_vectoradd
[0.160s] -- Up-to-date: /home/debian/ros-cuda/install/roscuda_vectoradd/share/roscuda_vectoradd/cmake/roscuda_vectoraddConfig.cmake
[0.160s] -- Up-to-date: /home/debian/ros-cuda/install/roscuda_vectoradd/share/roscuda_vectoradd/cmake/roscuda_vectoraddConfig-version.cmake
[0.161s] -- Up-to-date: /home/debian/ros-cuda/install/roscuda_vectoradd/share/roscuda_vectoradd/package.xml
[0.162s] Invoked command in '/home/debian/ros-cuda/build/roscuda_vectoradd' returned '0': CMAKE_PREFIX_PATH=${CMAKE_PREFIX_PATH}:/opt/ros/jazzy CONDA_PROMPT_MODIFIER=(base) DEBUGINFOD_URLS=https://debuginfod.ubuntu.com /usr/bin/cmake --install /home/debian/ros-cuda/build/roscuda_vectoradd
