[33mCMake Warning (dev) at CMakeLists.txt:5 (find_package):
  Policy CMP0146 is not set: The FindCUDA module is removed.  Run "cmake
  --help-policy CMP0146" for policy details.  Use the cmake_policy command to
  set the policy and suppress this warning.

This warning is for project developers.  Use -Wno-dev to suppress it.
[0m
-- Found ament_cmake: 2.5.3 (/opt/ros/jazzy/share/ament_cmake/cmake)
-- Found rclcpp: 28.1.6 (/opt/ros/jazzy/share/rclcpp/cmake)
-- Found rosidl_generator_c: 4.6.5 (/opt/ros/jazzy/share/rosidl_generator_c/cmake)
-- Found rosidl_generator_cpp: 4.6.5 (/opt/ros/jazzy/share/rosidl_generator_cpp/cmake)
-- Using all available rosidl_typesupport_c: rosidl_typesupport_fastrtps_c;rosidl_typesupport_introspection_c
-- Using all available rosidl_typesupport_cpp: rosidl_typesupport_fastrtps_cpp;rosidl_typesupport_introspection_cpp
-- Found rmw_implementation_cmake: 7.3.1 (/opt/ros/jazzy/share/rmw_implementation_cmake/cmake)
-- Found rmw_fastrtps_cpp: 8.4.1 (/opt/ros/jazzy/share/rmw_fastrtps_cpp/cmake)
-- Using RMW implementation 'rmw_fastrtps_cpp' as default
-- Configuring done (0.7s)
-- Generating done (0.0s)
-- Build files have been written to: /home/debian/ros-cuda/build/roscuda_vectoradd
[ 25%] [32m[1mLinking CXX shared library libvectoradd_cuda.so[0m
[ 50%] Built target vectoradd_cuda
[ 75%] [32mBuilding CXX object CMakeFiles/vectoradd_node.dir/src/vectoradd_node.cpp.o[0m
[100%] [32m[1mLinking CXX executable vectoradd_node[0m
[100%] Built target vectoradd_node
-- Install configuration: ""
-- Installing: /home/debian/ros-cuda/install/roscuda_vectoradd/lib/roscuda_vectoradd/vectoradd_node
-- Set non-toolchain portion of runtime path of "/home/debian/ros-cuda/install/roscuda_vectoradd/lib/roscuda_vectoradd/vectoradd_node" to ""
-- Installing: /home/debian/ros-cuda/install/roscuda_vectoradd/share/ament_index/resource_index/package_run_dependencies/roscuda_vectoradd
-- Installing: /home/debian/ros-cuda/install/roscuda_vectoradd/share/ament_index/resource_index/parent_prefix_path/roscuda_vectoradd
-- Installing: /home/debian/ros-cuda/install/roscuda_vectoradd/share/roscuda_vectoradd/environment/ament_prefix_path.sh
-- Installing: /home/debian/ros-cuda/install/roscuda_vectoradd/share/roscuda_vectoradd/environment/ament_prefix_path.dsv
-- Installing: /home/debian/ros-cuda/install/roscuda_vectoradd/share/roscuda_vectoradd/environment/path.sh
-- Installing: /home/debian/ros-cuda/install/roscuda_vectoradd/share/roscuda_vectoradd/environment/path.dsv
-- Installing: /home/debian/ros-cuda/install/roscuda_vectoradd/share/roscuda_vectoradd/local_setup.bash
-- Installing: /home/debian/ros-cuda/install/roscuda_vectoradd/share/roscuda_vectoradd/local_setup.sh
-- Installing: /home/debian/ros-cuda/install/roscuda_vectoradd/share/roscuda_vectoradd/local_setup.zsh
-- Installing: /home/debian/ros-cuda/install/roscuda_vectoradd/share/roscuda_vectoradd/local_setup.dsv
-- Installing: /home/debian/ros-cuda/install/roscuda_vectoradd/share/roscuda_vectoradd/package.dsv
-- Installing: /home/debian/ros-cuda/install/roscuda_vectoradd/share/ament_index/resource_index/packages/roscuda_vectoradd
-- Installing: /home/debian/ros-cuda/install/roscuda_vectoradd/share/roscuda_vectoradd/cmake/roscuda_vectoraddConfig.cmake
-- Installing: /home/debian/ros-cuda/install/roscuda_vectoradd/share/roscuda_vectoradd/cmake/roscuda_vectoraddConfig-version.cmake
-- Installing: /home/debian/ros-cuda/install/roscuda_vectoradd/share/roscuda_vectoradd/package.xml
